[0.000000] (-) TimerEvent: {}
[0.000318] (abb_package) JobQueued: {'identifier': 'abb_package', 'dependencies': OrderedDict()}
[0.000672] (abb_package) JobStarted: {'identifier': 'abb_package'}
[0.011195] (abb_package) JobProgress: {'identifier': 'abb_package', 'progress': 'cmake'}
[0.012134] (abb_package) JobProgress: {'identifier': 'abb_package', 'progress': 'build'}
[0.013166] (abb_package) Command: {'cmd': ['/usr/bin/cmake', '--build', '/home/justin/abb_project/build/abb_package', '--', '-j12', '-l12'], 'cwd': '/home/justin/abb_project/build/abb_package', 'env': OrderedDict([('PROFILEHOME', ''), ('LESSOPEN', '| /usr/bin/lesspipe %s'), ('KDE_FULL_SESSION', 'true'), ('LANGUAGE', ''), ('USER', 'justin'), ('PAM_KWALLET5_LOGIN', '/run/user/1000/kwallet5.socket'), ('XDG_SEAT', 'seat0'), ('SSH_AGENT_PID', '1612'), ('XDG_SESSION_TYPE', 'x11'), ('XCURSOR_SIZE', '24'), ('KONSOLE_VERSION', '211203'), ('SHLVL', '1'), ('LD_LIBRARY_PATH', '/opt/ros/humble/opt/rviz_ogre_vendor/lib:/opt/ros/humble/lib/x86_64-linux-gnu:/opt/ros/humble/lib:/opt/ros/iron/opt/rviz_ogre_vendor/lib:/opt/ros/iron/lib/x86_64-linux-gnu:/opt/ros/iron/lib'), ('HOME', '/home/justin'), ('KDE_APPLICATIONS_AS_SCOPE', '1'), ('OLDPWD', '/home/justin'), ('DESKTOP_SESSION', 'plasma'), ('ROS_PYTHON_VERSION', '3'), ('SHELL_SESSION_ID', '12beaef91f3b45cd90c80d6fba960482'), ('GTK_RC_FILES', '/etc/gtk/gtkrc:/home/justin/.gtkrc:/home/justin/.config/gtkrc'), ('XDG_SEAT_PATH', '/org/freedesktop/DisplayManager/Seat0'), ('KDE_SESSION_VERSION', '5'), ('KONSOLE_DBUS_SESSION', '/Sessions/1'), ('SYSTEMD_EXEC_PID', '1465'), ('DBUS_SESSION_BUS_ADDRESS', 'unix:path=/run/user/1000/bus'), ('COLORTERM', 'truecolor'), ('KONSOLE_DBUS_WINDOW', '/Windows/1'), ('IM_CONFIG_PHASE', '1'), ('COLCON_PREFIX_PATH', '/home/justin/ros2_ws/install'), ('ROS_DISTRO', 'humble'), ('LOGNAME', 'justin'), ('WINDOWID', '73400327'), ('QT_AUTO_SCREEN_SCALE_FACTOR', '0'), ('_', '/usr/bin/colcon'), ('ROS_VERSION', '2'), ('XDG_SESSION_CLASS', 'user'), ('COLORFGBG', '15;0'), ('TERM', 'xterm-256color'), ('XDG_SESSION_ID', '3'), ('ROS_LOCALHOST_ONLY', '0'), ('GTK2_RC_FILES', '/etc/gtk-2.0/gtkrc:/home/justin/.gtkrc-2.0:/home/justin/.config/gtkrc-2.0'), ('PATH', '/home/justin/anaconda3/bin:/opt/ros/humble/bin:/opt/ros/iron/bin:/home/justin/.local/bin:/usr/local/sbin:/usr/local/bin:/usr/sbin:/usr/bin:/sbin:/bin:/usr/games:/usr/local/games:/snap/bin'), ('XDG_SESSION_PATH', '/org/freedesktop/DisplayManager/Session1'), ('XDG_RUNTIME_DIR', '/run/user/1000'), ('XCURSOR_THEME', 'breeze_cursors'), ('DISPLAY', ':0'), ('LANG', 'en_US.UTF-8'), ('XDG_CURRENT_DESKTOP', 'KDE'), ('XDG_SESSION_DESKTOP', 'KDE'), ('XAUTHORITY', '/home/justin/.Xauthority'), ('LS_COLORS', 'rs=0:di=01;34:ln=01;36:mh=00:pi=40;33:so=01;35:do=01;35:bd=40;33;01:cd=40;33;01:or=40;31;01:mi=00:su=37;41:sg=30;43:ca=30;41:tw=30;42:ow=34;42:st=37;44:ex=01;32:*.tar=01;31:*.tgz=01;31:*.arc=01;31:*.arj=01;31:*.taz=01;31:*.lha=01;31:*.lz4=01;31:*.lzh=01;31:*.lzma=01;31:*.tlz=01;31:*.txz=01;31:*.tzo=01;31:*.t7z=01;31:*.zip=01;31:*.z=01;31:*.dz=01;31:*.gz=01;31:*.lrz=01;31:*.lz=01;31:*.lzo=01;31:*.xz=01;31:*.zst=01;31:*.tzst=01;31:*.bz2=01;31:*.bz=01;31:*.tbz=01;31:*.tbz2=01;31:*.tz=01;31:*.deb=01;31:*.rpm=01;31:*.jar=01;31:*.war=01;31:*.ear=01;31:*.sar=01;31:*.rar=01;31:*.alz=01;31:*.ace=01;31:*.zoo=01;31:*.cpio=01;31:*.7z=01;31:*.rz=01;31:*.cab=01;31:*.wim=01;31:*.swm=01;31:*.dwm=01;31:*.esd=01;31:*.jpg=01;35:*.jpeg=01;35:*.mjpg=01;35:*.mjpeg=01;35:*.gif=01;35:*.bmp=01;35:*.pbm=01;35:*.pgm=01;35:*.ppm=01;35:*.tga=01;35:*.xbm=01;35:*.xpm=01;35:*.tif=01;35:*.tiff=01;35:*.png=01;35:*.svg=01;35:*.svgz=01;35:*.mng=01;35:*.pcx=01;35:*.mov=01;35:*.mpg=01;35:*.mpeg=01;35:*.m2v=01;35:*.mkv=01;35:*.webm=01;35:*.webp=01;35:*.ogm=01;35:*.mp4=01;35:*.m4v=01;35:*.mp4v=01;35:*.vob=01;35:*.qt=01;35:*.nuv=01;35:*.wmv=01;35:*.asf=01;35:*.rm=01;35:*.rmvb=01;35:*.flc=01;35:*.avi=01;35:*.fli=01;35:*.flv=01;35:*.gl=01;35:*.dl=01;35:*.xcf=01;35:*.xwd=01;35:*.yuv=01;35:*.cgm=01;35:*.emf=01;35:*.ogv=01;35:*.ogx=01;35:*.aac=00;36:*.au=00;36:*.flac=00;36:*.m4a=00;36:*.mid=00;36:*.midi=00;36:*.mka=00;36:*.mp3=00;36:*.mpc=00;36:*.ogg=00;36:*.ra=00;36:*.wav=00;36:*.oga=00;36:*.opus=00;36:*.spx=00;36:*.xspf=00;36:'), ('SSH_AUTH_SOCK', '/tmp/ssh-XXXXXXb9tqD3/agent.1487'), ('AMENT_PREFIX_PATH', '/home/justin/ros2_ws/install/wailord_cv:/opt/ros/humble:/opt/ros/iron'), ('SHELL', '/bin/bash'), ('QT_ACCESSIBILITY', '1'), ('LESSCLOSE', '/usr/bin/lesspipe %s %s'), ('KONSOLE_DBUS_SERVICE', ':1.298'), ('GPG_AGENT_INFO', '/run/user/1000/gnupg/S.gpg-agent:0:1'), ('ROS_AUTOMATIC_DISCOVERY_RANGE', 'SUBNET'), ('XDG_VTNR', '1'), ('PWD', '/home/justin/abb_project/build/abb_package'), ('LC_ALL', 'en_US.UTF-8'), ('XDG_CONFIG_DIRS', '/home/justin/.config/kdedefaults:/etc/xdg/xdg-plasma:/etc/xdg:/usr/share/kubuntu-default-settings/kf5-settings'), ('XDG_DATA_DIRS', '/usr/share/plasma:/usr/local/share:/usr/share:/var/lib/snapd/desktop'), ('PYTHONPATH', '/home/justin/ros2_ws/install/wailord_cv/lib/python3.10/site-packages:/opt/ros/humble/lib/python3.10/site-packages:/opt/ros/humble/local/lib/python3.10/dist-packages:/opt/ros/iron/lib/python3.10/site-packages'), ('KDE_SESSION_UID', '1000'), ('COLCON', '1'), ('CMAKE_PREFIX_PATH', '/home/justin/ros2_ws/install/wailord_cv:/opt/ros/humble:/opt/ros/iron')]), 'shell': False}
[0.048596] (abb_package) StdoutLine: {'line': b'-- Found ament_cmake: 1.3.10 (/opt/ros/humble/share/ament_cmake/cmake)\n'}
[0.099791] (-) TimerEvent: {}
[0.128025] (abb_package) StderrLine: {'line': b'\x1b[31mCMake Error at /usr/share/cmake-3.22/Modules/FindPackageHandleStandardArgs.cmake:230 (message):\n'}
[0.128559] (abb_package) StderrLine: {'line': b'  Could NOT find Python3 (missing: Interpreter)\n'}
[0.128630] (abb_package) StderrLine: {'line': b'\n'}
[0.128709] (abb_package) StderrLine: {'line': b'      Reason given by package: \n'}
[0.128775] (abb_package) StderrLine: {'line': b'          Interpreter: Cannot run the interpreter "/home/justin/anaconda3/bin/python3"\n'}
[0.128836] (abb_package) StderrLine: {'line': b'\n'}
[0.128892] (abb_package) StderrLine: {'line': b'Call Stack (most recent call first):\n'}
[0.128948] (abb_package) StderrLine: {'line': b'  /usr/share/cmake-3.22/Modules/FindPackageHandleStandardArgs.cmake:594 (_FPHSA_FAILURE_MESSAGE)\n'}
[0.129007] (abb_package) StderrLine: {'line': b'  /usr/share/cmake-3.22/Modules/FindPython/Support.cmake:3180 (find_package_handle_standard_args)\n'}
[0.129076] (abb_package) StderrLine: {'line': b'  /usr/share/cmake-3.22/Modules/FindPython3.cmake:490 (include)\n'}
[0.129263] (abb_package) StderrLine: {'line': b'  /opt/ros/humble/share/ament_cmake_core/cmake/core/python.cmake:37 (find_package)\n'}
[0.129321] (abb_package) StderrLine: {'line': b'  /opt/ros/humble/share/ament_cmake_core/cmake/core/all.cmake:54 (include)\n'}
[0.129373] (abb_package) StderrLine: {'line': b'  /opt/ros/humble/share/ament_cmake_core/cmake/ament_cmake_core-extras.cmake:17 (include)\n'}
[0.129507] (abb_package) StderrLine: {'line': b'  /opt/ros/humble/share/ament_cmake_core/cmake/ament_cmake_coreConfig.cmake:41 (include)\n'}
[0.129569] (abb_package) StderrLine: {'line': b'  /opt/ros/humble/share/ament_cmake/cmake/ament_cmake_export_dependencies-extras.cmake:15 (find_package)\n'}
[0.129622] (abb_package) StderrLine: {'line': b'  /opt/ros/humble/share/ament_cmake/cmake/ament_cmakeConfig.cmake:41 (include)\n'}
[0.129682] (abb_package) StderrLine: {'line': b'  CMakeLists.txt:9 (find_package)\n'}
[0.129736] (abb_package) StderrLine: {'line': b'\n'}
[0.129800] (abb_package) StderrLine: {'line': b'\x1b[0m\n'}
[0.129881] (abb_package) StdoutLine: {'line': b'-- Configuring incomplete, errors occurred!\n'}
[0.129980] (abb_package) StdoutLine: {'line': b'See also "/home/justin/abb_project/build/abb_package/CMakeFiles/CMakeOutput.log".\n'}
[0.134092] (abb_package) StderrLine: {'line': b'gmake: *** [Makefile:267: cmake_check_build_system] Error 1\n'}
[0.134753] (abb_package) CommandEnded: {'returncode': 2}
[0.193085] (abb_package) JobEnded: {'identifier': 'abb_package', 'rc': 2}
[0.199875] (-) TimerEvent: {}
[0.201875] (-) EventReactorShutdown: {}
